04/01/2021 06:44:32 PM
LogName=Security
EventCode=4688
EventType=0
ComputerName=win2k12sdc.kkctf.local
SourceName=Microsoft Windows security auditing.
Type=Information
RecordNumber=78712398
Keywords=Audit Success
TaskCategory=Process Creation
OpCode=Info
Message=A new process has been created.

Creator Subject:
	Security ID:		S-1-5-18
	Account Name:		WIN2K12SDC$
	Account Domain:		KKCTF
	Logon ID:		0x3E7

Target Subject:
	Security ID:		S-1-0-0
	Account Name:		-
	Account Domain:		-
	Logon ID:		0x0

Process Information:
	New Process ID:		0xd34
	New Process Name:	C:\Windows\Temp\rad19F61.tmp\ZfCfCcCJwUFfKNm.exe
	Token Elevation Type:	TokenElevationTypeDefault (1)
	Creator Process ID:	0x1308
	Process Command Line:	

Token Elevation Type indicates the type of token that was assigned to the new process in accordance with User Account Control policy.

Type 1 is a full token with no privileges removed or groups disabled.  A full token is only used if User Account Control is disabled or if the user is the built-in Administrator account or a service account.

Type 2 is an elevated token with no privileges removed or groups disabled.  An elevated token is used when User Account Control is enabled and the user chooses to start the program using Run as administrator.  An elevated token is also used when an application is configured to always require administrative privilege or to always require maximum privilege, and the user is a member of the Administrators group.

Type 3 is a limited token with administrative privileges removed and administrative groups disabled.  The limited token is used when User Account Control is enabled, the application does not require administrative privilege, and the user does not choose to start the program using Run as administrator.
04/01/2021 06:44:32 PM
LogName=Security
EventCode=4688
EventType=0
ComputerName=win2k12sdc.kkctf.local
SourceName=Microsoft Windows security auditing.
Type=Information
RecordNumber=78712267
Keywords=Audit Success
TaskCategory=Process Creation
OpCode=Info
Message=A new process has been created.

Creator Subject:
	Security ID:		S-1-5-18
	Account Name:		WIN2K12SDC$
	Account Domain:		KKCTF
	Logon ID:		0x3E7

Target Subject:
	Security ID:		S-1-0-0
	Account Name:		-
	Account Domain:		-
	Logon ID:		0x0

Process Information:
	New Process ID:		0x1124
	New Process Name:	C:\Windows\Temp\rad233B8.tmp\ZfCfCcCJwUFfKNm.exe
	Token Elevation Type:	TokenElevationTypeDefault (1)
	Creator Process ID:	0x1308
	Process Command Line:	

Token Elevation Type indicates the type of token that was assigned to the new process in accordance with User Account Control policy.

Type 1 is a full token with no privileges removed or groups disabled.  A full token is only used if User Account Control is disabled or if the user is the built-in Administrator account or a service account.

Type 2 is an elevated token with no privileges removed or groups disabled.  An elevated token is used when User Account Control is enabled and the user chooses to start the program using Run as administrator.  An elevated token is also used when an application is configured to always require administrative privilege or to always require maximum privilege, and the user is a member of the Administrators group.

Type 3 is a limited token with administrative privileges removed and administrative groups disabled.  The limited token is used when User Account Control is enabled, the application does not require administrative privilege, and the user does not choose to start the program using Run as administrator.
04/01/2021 06:44:32 PM
LogName=Security
EventCode=4688
EventType=0
ComputerName=win2k12sdc.kkctf.local
SourceName=Microsoft Windows security auditing.
Type=Information
RecordNumber=78712082
Keywords=Audit Success
TaskCategory=Process Creation
OpCode=Info
Message=A new process has been created.

Creator Subject:
	Security ID:		S-1-5-18
	Account Name:		WIN2K12SDC$
	Account Domain:		KKCTF
	Logon ID:		0x3E7

Target Subject:
	Security ID:		S-1-0-0
	Account Name:		-
	Account Domain:		-
	Logon ID:		0x0

Process Information:
	New Process ID:		0xb98
	New Process Name:	C:\Windows\Temp\rad29653.tmp\ZfCfCcCJwUFfKNm.exe
	Token Elevation Type:	TokenElevationTypeDefault (1)
	Creator Process ID:	0x1308
	Process Command Line:	

Token Elevation Type indicates the type of token that was assigned to the new process in accordance with User Account Control policy.

Type 1 is a full token with no privileges removed or groups disabled.  A full token is only used if User Account Control is disabled or if the user is the built-in Administrator account or a service account.

Type 2 is an elevated token with no privileges removed or groups disabled.  An elevated token is used when User Account Control is enabled and the user chooses to start the program using Run as administrator.  An elevated token is also used when an application is configured to always require administrative privilege or to always require maximum privilege, and the user is a member of the Administrators group.

Type 3 is a limited token with administrative privileges removed and administrative groups disabled.  The limited token is used when User Account Control is enabled, the application does not require administrative privilege, and the user does not choose to start the program using Run as administrator.
04/01/2021 06:44:32 PM
LogName=Security
EventCode=4688
EventType=0
ComputerName=win2k12sdc.kkctf.local
SourceName=Microsoft Windows security auditing.
Type=Information
RecordNumber=78711724
Keywords=Audit Success
TaskCategory=Process Creation
OpCode=Info
Message=A new process has been created.

Creator Subject:
	Security ID:		S-1-5-18
	Account Name:		WIN2K12SDC$
	Account Domain:		KKCTF
	Logon ID:		0x3E7

Target Subject:
	Security ID:		S-1-0-0
	Account Name:		-
	Account Domain:		-
	Logon ID:		0x0

Process Information:
	New Process ID:		0xb90
	New Process Name:	C:\Windows\Temp\radE4CB0.tmp\ZfCfCcCJwUFfKNm.exe
	Token Elevation Type:	TokenElevationTypeDefault (1)
	Creator Process ID:	0x1308
	Process Command Line:	

Token Elevation Type indicates the type of token that was assigned to the new process in accordance with User Account Control policy.

Type 1 is a full token with no privileges removed or groups disabled.  A full token is only used if User Account Control is disabled or if the user is the built-in Administrator account or a service account.

Type 2 is an elevated token with no privileges removed or groups disabled.  An elevated token is used when User Account Control is enabled and the user chooses to start the program using Run as administrator.  An elevated token is also used when an application is configured to always require administrative privilege or to always require maximum privilege, and the user is a member of the Administrators group.

Type 3 is a limited token with administrative privileges removed and administrative groups disabled.  The limited token is used when User Account Control is enabled, the application does not require administrative privilege, and the user does not choose to start the program using Run as administrator.
04/01/2021 06:44:32 PM
LogName=Security
EventCode=4688
EventType=0
ComputerName=win2k12sdc.kkctf.local
SourceName=Microsoft Windows security auditing.
Type=Information
RecordNumber=78711583
Keywords=Audit Success
TaskCategory=Process Creation
OpCode=Info
Message=A new process has been created.

Creator Subject:
	Security ID:		S-1-5-18
	Account Name:		WIN2K12SDC$
	Account Domain:		KKCTF
	Logon ID:		0x3E7

Target Subject:
	Security ID:		S-1-0-0
	Account Name:		-
	Account Domain:		-
	Logon ID:		0x0

Process Information:
	New Process ID:		0xff4
	New Process Name:	C:\Windows\Temp\radD913E.tmp\ZfCfCcCJwUFfKNm.exe
	Token Elevation Type:	TokenElevationTypeDefault (1)
	Creator Process ID:	0x1308
	Process Command Line:	

Token Elevation Type indicates the type of token that was assigned to the new process in accordance with User Account Control policy.

Type 1 is a full token with no privileges removed or groups disabled.  A full token is only used if User Account Control is disabled or if the user is the built-in Administrator account or a service account.

Type 2 is an elevated token with no privileges removed or groups disabled.  An elevated token is used when User Account Control is enabled and the user chooses to start the program using Run as administrator.  An elevated token is also used when an application is configured to always require administrative privilege or to always require maximum privilege, and the user is a member of the Administrators group.

Type 3 is a limited token with administrative privileges removed and administrative groups disabled.  The limited token is used when User Account Control is enabled, the application does not require administrative privilege, and the user does not choose to start the program using Run as administrator.
04/01/2021 06:44:32 PM
LogName=Security
EventCode=4688
EventType=0
ComputerName=win2k12sdc.kkctf.local
SourceName=Microsoft Windows security auditing.
Type=Information
RecordNumber=78711372
Keywords=Audit Success
TaskCategory=Process Creation
OpCode=Info
Message=A new process has been created.

Creator Subject:
	Security ID:		S-1-5-18
	Account Name:		WIN2K12SDC$
	Account Domain:		KKCTF
	Logon ID:		0x3E7

Target Subject:
	Security ID:		S-1-0-0
	Account Name:		-
	Account Domain:		-
	Logon ID:		0x0

Process Information:
	New Process ID:		0x1528
	New Process Name:	C:\Windows\Temp\rad0E326.tmp\ZfCfCcCJwUFfKNm.exe
	Token Elevation Type:	TokenElevationTypeDefault (1)
	Creator Process ID:	0x1308
	Process Command Line:	

Token Elevation Type indicates the type of token that was assigned to the new process in accordance with User Account Control policy.

Type 1 is a full token with no privileges removed or groups disabled.  A full token is only used if User Account Control is disabled or if the user is the built-in Administrator account or a service account.

Type 2 is an elevated token with no privileges removed or groups disabled.  An elevated token is used when User Account Control is enabled and the user chooses to start the program using Run as administrator.  An elevated token is also used when an application is configured to always require administrative privilege or to always require maximum privilege, and the user is a member of the Administrators group.

Type 3 is a limited token with administrative privileges removed and administrative groups disabled.  The limited token is used when User Account Control is enabled, the application does not require administrative privilege, and the user does not choose to start the program using Run as administrator.
04/01/2021 06:44:32 PM
LogName=Security
EventCode=4688
EventType=0
ComputerName=win2k12sdc.kkctf.local
SourceName=Microsoft Windows security auditing.
Type=Information
RecordNumber=78711192
Keywords=Audit Success
TaskCategory=Process Creation
OpCode=Info
Message=A new process has been created.

Creator Subject:
	Security ID:		S-1-5-18
	Account Name:		WIN2K12SDC$
	Account Domain:		KKCTF
	Logon ID:		0x3E7

Target Subject:
	Security ID:		S-1-0-0
	Account Name:		-
	Account Domain:		-
	Logon ID:		0x0

Process Information:
	New Process ID:		0x143c
	New Process Name:	C:\Windows\Temp\radF6A45.tmp\ZfCfCcCJwUFfKNm.exe
	Token Elevation Type:	TokenElevationTypeDefault (1)
	Creator Process ID:	0x1308
	Process Command Line:	

Token Elevation Type indicates the type of token that was assigned to the new process in accordance with User Account Control policy.

Type 1 is a full token with no privileges removed or groups disabled.  A full token is only used if User Account Control is disabled or if the user is the built-in Administrator account or a service account.

Type 2 is an elevated token with no privileges removed or groups disabled.  An elevated token is used when User Account Control is enabled and the user chooses to start the program using Run as administrator.  An elevated token is also used when an application is configured to always require administrative privilege or to always require maximum privilege, and the user is a member of the Administrators group.

Type 3 is a limited token with administrative privileges removed and administrative groups disabled.  The limited token is used when User Account Control is enabled, the application does not require administrative privilege, and the user does not choose to start the program using Run as administrator.
04/01/2021 06:44:32 PM
LogName=Security
EventCode=4688
EventType=0
ComputerName=win2k12sdc.kkctf.local
SourceName=Microsoft Windows security auditing.
Type=Information
RecordNumber=78711008
Keywords=Audit Success
TaskCategory=Process Creation
OpCode=Info
Message=A new process has been created.

Creator Subject:
	Security ID:		S-1-5-18
	Account Name:		WIN2K12SDC$
	Account Domain:		KKCTF
	Logon ID:		0x3E7

Target Subject:
	Security ID:		S-1-0-0
	Account Name:		-
	Account Domain:		-
	Logon ID:		0x0

Process Information:
	New Process ID:		0x17d8
	New Process Name:	C:\Windows\Temp\rad93B4E.tmp\ZfCfCcCJwUFfKNm.exe
	Token Elevation Type:	TokenElevationTypeDefault (1)
	Creator Process ID:	0x1308
	Process Command Line:	

Token Elevation Type indicates the type of token that was assigned to the new process in accordance with User Account Control policy.

Type 1 is a full token with no privileges removed or groups disabled.  A full token is only used if User Account Control is disabled or if the user is the built-in Administrator account or a service account.

Type 2 is an elevated token with no privileges removed or groups disabled.  An elevated token is used when User Account Control is enabled and the user chooses to start the program using Run as administrator.  An elevated token is also used when an application is configured to always require administrative privilege or to always require maximum privilege, and the user is a member of the Administrators group.

Type 3 is a limited token with administrative privileges removed and administrative groups disabled.  The limited token is used when User Account Control is enabled, the application does not require administrative privilege, and the user does not choose to start the program using Run as administrator.
04/01/2021 06:44:32 PM
LogName=Security
EventCode=4688
EventType=0
ComputerName=win2k12sdc.kkctf.local
SourceName=Microsoft Windows security auditing.
Type=Information
RecordNumber=78710840
Keywords=Audit Success
TaskCategory=Process Creation
OpCode=Info
Message=A new process has been created.

Creator Subject:
	Security ID:		S-1-5-18
	Account Name:		WIN2K12SDC$
	Account Domain:		KKCTF
	Logon ID:		0x3E7

Target Subject:
	Security ID:		S-1-0-0
	Account Name:		-
	Account Domain:		-
	Logon ID:		0x0

Process Information:
	New Process ID:		0xa10
	New Process Name:	C:\Windows\Temp\rad55719.tmp\ZfCfCcCJwUFfKNm.exe
	Token Elevation Type:	TokenElevationTypeDefault (1)
	Creator Process ID:	0x1308
	Process Command Line:	

Token Elevation Type indicates the type of token that was assigned to the new process in accordance with User Account Control policy.

Type 1 is a full token with no privileges removed or groups disabled.  A full token is only used if User Account Control is disabled or if the user is the built-in Administrator account or a service account.

Type 2 is an elevated token with no privileges removed or groups disabled.  An elevated token is used when User Account Control is enabled and the user chooses to start the program using Run as administrator.  An elevated token is also used when an application is configured to always require administrative privilege or to always require maximum privilege, and the user is a member of the Administrators group.

Type 3 is a limited token with administrative privileges removed and administrative groups disabled.  The limited token is used when User Account Control is enabled, the application does not require administrative privilege, and the user does not choose to start the program using Run as administrator.
04/01/2021 06:44:32 PM
LogName=Security
EventCode=4688
EventType=0
ComputerName=win2k12sdc.kkctf.local
SourceName=Microsoft Windows security auditing.
Type=Information
RecordNumber=78710293
Keywords=Audit Success
TaskCategory=Process Creation
OpCode=Info
Message=A new process has been created.

Creator Subject:
	Security ID:		S-1-5-18
	Account Name:		WIN2K12SDC$
	Account Domain:		KKCTF
	Logon ID:		0x3E7

Target Subject:
	Security ID:		S-1-0-0
	Account Name:		-
	Account Domain:		-
	Logon ID:		0x0

Process Information:
	New Process ID:		0xd60
	New Process Name:	C:\Windows\Temp\radABFC5.tmp\ZfCfCcCJwUFfKNm.exe
	Token Elevation Type:	TokenElevationTypeDefault (1)
	Creator Process ID:	0x1308
	Process Command Line:	

Token Elevation Type indicates the type of token that was assigned to the new process in accordance with User Account Control policy.

Type 1 is a full token with no privileges removed or groups disabled.  A full token is only used if User Account Control is disabled or if the user is the built-in Administrator account or a service account.

Type 2 is an elevated token with no privileges removed or groups disabled.  An elevated token is used when User Account Control is enabled and the user chooses to start the program using Run as administrator.  An elevated token is also used when an application is configured to always require administrative privilege or to always require maximum privilege, and the user is a member of the Administrators group.

Type 3 is a limited token with administrative privileges removed and administrative groups disabled.  The limited token is used when User Account Control is enabled, the application does not require administrative privilege, and the user does not choose to start the program using Run as administrator.
04/01/2021 06:44:32 PM
LogName=Security
EventCode=4688
EventType=0
ComputerName=win2k12sdc.kkctf.local
SourceName=Microsoft Windows security auditing.
Type=Information
RecordNumber=78710155
Keywords=Audit Success
TaskCategory=Process Creation
OpCode=Info
Message=A new process has been created.

Creator Subject:
	Security ID:		S-1-5-18
	Account Name:		WIN2K12SDC$
	Account Domain:		KKCTF
	Logon ID:		0x3E7

Target Subject:
	Security ID:		S-1-0-0
	Account Name:		-
	Account Domain:		-
	Logon ID:		0x0

Process Information:
	New Process ID:		0xa20
	New Process Name:	C:\Windows\Temp\radF8E76.tmp\ZfCfCcCJwUFfKNm.exe
	Token Elevation Type:	TokenElevationTypeDefault (1)
	Creator Process ID:	0x1308
	Process Command Line:	

Token Elevation Type indicates the type of token that was assigned to the new process in accordance with User Account Control policy.

Type 1 is a full token with no privileges removed or groups disabled.  A full token is only used if User Account Control is disabled or if the user is the built-in Administrator account or a service account.

Type 2 is an elevated token with no privileges removed or groups disabled.  An elevated token is used when User Account Control is enabled and the user chooses to start the program using Run as administrator.  An elevated token is also used when an application is configured to always require administrative privilege or to always require maximum privilege, and the user is a member of the Administrators group.

Type 3 is a limited token with administrative privileges removed and administrative groups disabled.  The limited token is used when User Account Control is enabled, the application does not require administrative privilege, and the user does not choose to start the program using Run as administrator.
04/01/2021 06:44:32 PM
LogName=Security
EventCode=4688
EventType=0
ComputerName=win2k12sdc.kkctf.local
SourceName=Microsoft Windows security auditing.
Type=Information
RecordNumber=78709775
Keywords=Audit Success
TaskCategory=Process Creation
OpCode=Info
Message=A new process has been created.

Creator Subject:
	Security ID:		S-1-5-18
	Account Name:		WIN2K12SDC$
	Account Domain:		KKCTF
	Logon ID:		0x3E7

Target Subject:
	Security ID:		S-1-0-0
	Account Name:		-
	Account Domain:		-
	Logon ID:		0x0

Process Information:
	New Process ID:		0x155c
	New Process Name:	C:\Windows\Temp\radC4C6D.tmp\ZfCfCcCJwUFfKNm.exe
	Token Elevation Type:	TokenElevationTypeDefault (1)
	Creator Process ID:	0x1308
	Process Command Line:	

Token Elevation Type indicates the type of token that was assigned to the new process in accordance with User Account Control policy.

Type 1 is a full token with no privileges removed or groups disabled.  A full token is only used if User Account Control is disabled or if the user is the built-in Administrator account or a service account.

Type 2 is an elevated token with no privileges removed or groups disabled.  An elevated token is used when User Account Control is enabled and the user chooses to start the program using Run as administrator.  An elevated token is also used when an application is configured to always require administrative privilege or to always require maximum privilege, and the user is a member of the Administrators group.

Type 3 is a limited token with administrative privileges removed and administrative groups disabled.  The limited token is used when User Account Control is enabled, the application does not require administrative privilege, and the user does not choose to start the program using Run as administrator.
04/01/2021 06:44:32 PM
LogName=Security
EventCode=4688
EventType=0
ComputerName=win2k12sdc.kkctf.local
SourceName=Microsoft Windows security auditing.
Type=Information
RecordNumber=78709580
Keywords=Audit Success
TaskCategory=Process Creation
OpCode=Info
Message=A new process has been created.

Creator Subject:
	Security ID:		S-1-5-18
	Account Name:		WIN2K12SDC$
	Account Domain:		KKCTF
	Logon ID:		0x3E7

Target Subject:
	Security ID:		S-1-0-0
	Account Name:		-
	Account Domain:		-
	Logon ID:		0x0

Process Information:
	New Process ID:		0x150c
	New Process Name:	C:\Windows\Temp\radE338C.tmp\ZfCfCcCJwUFfKNm.exe
	Token Elevation Type:	TokenElevationTypeDefault (1)
	Creator Process ID:	0x1308
	Process Command Line:	

Token Elevation Type indicates the type of token that was assigned to the new process in accordance with User Account Control policy.

Type 1 is a full token with no privileges removed or groups disabled.  A full token is only used if User Account Control is disabled or if the user is the built-in Administrator account or a service account.

Type 2 is an elevated token with no privileges removed or groups disabled.  An elevated token is used when User Account Control is enabled and the user chooses to start the program using Run as administrator.  An elevated token is also used when an application is configured to always require administrative privilege or to always require maximum privilege, and the user is a member of the Administrators group.

Type 3 is a limited token with administrative privileges removed and administrative groups disabled.  The limited token is used when User Account Control is enabled, the application does not require administrative privilege, and the user does not choose to start the program using Run as administrator.
04/01/2021 06:44:32 PM
LogName=Security
EventCode=4688
EventType=0
ComputerName=win2k12sdc.kkctf.local
SourceName=Microsoft Windows security auditing.
Type=Information
RecordNumber=78709459
Keywords=Audit Success
TaskCategory=Process Creation
OpCode=Info
Message=A new process has been created.

Creator Subject:
	Security ID:		S-1-5-18
	Account Name:		WIN2K12SDC$
	Account Domain:		KKCTF
	Logon ID:		0x3E7

Target Subject:
	Security ID:		S-1-0-0
	Account Name:		-
	Account Domain:		-
	Logon ID:		0x0

Process Information:
	New Process ID:		0xa98
	New Process Name:	C:\Windows\Temp\rad95C87.tmp\ZfCfCcCJwUFfKNm.exe
	Token Elevation Type:	TokenElevationTypeDefault (1)
	Creator Process ID:	0x1308
	Process Command Line:	

Token Elevation Type indicates the type of token that was assigned to the new process in accordance with User Account Control policy.

Type 1 is a full token with no privileges removed or groups disabled.  A full token is only used if User Account Control is disabled or if the user is the built-in Administrator account or a service account.

Type 2 is an elevated token with no privileges removed or groups disabled.  An elevated token is used when User Account Control is enabled and the user chooses to start the program using Run as administrator.  An elevated token is also used when an application is configured to always require administrative privilege or to always require maximum privilege, and the user is a member of the Administrators group.

Type 3 is a limited token with administrative privileges removed and administrative groups disabled.  The limited token is used when User Account Control is enabled, the application does not require administrative privilege, and the user does not choose to start the program using Run as administrator.
04/01/2021 06:44:32 PM
LogName=Security
EventCode=4688
EventType=0
ComputerName=win2k12sdc.kkctf.local
SourceName=Microsoft Windows security auditing.
Type=Information
RecordNumber=78709266
Keywords=Audit Success
TaskCategory=Process Creation
OpCode=Info
Message=A new process has been created.

Creator Subject:
	Security ID:		S-1-5-18
	Account Name:		WIN2K12SDC$
	Account Domain:		KKCTF
	Logon ID:		0x3E7

Target Subject:
	Security ID:		S-1-0-0
	Account Name:		-
	Account Domain:		-
	Logon ID:		0x0

Process Information:
	New Process ID:		0xb90
	New Process Name:	C:\Windows\Temp\rad0B695.tmp\ZfCfCcCJwUFfKNm.exe
	Token Elevation Type:	TokenElevationTypeDefault (1)
	Creator Process ID:	0x1308
	Process Command Line:	

Token Elevation Type indicates the type of token that was assigned to the new process in accordance with User Account Control policy.

Type 1 is a full token with no privileges removed or groups disabled.  A full token is only used if User Account Control is disabled or if the user is the built-in Administrator account or a service account.

Type 2 is an elevated token with no privileges removed or groups disabled.  An elevated token is used when User Account Control is enabled and the user chooses to start the program using Run as administrator.  An elevated token is also used when an application is configured to always require administrative privilege or to always require maximum privilege, and the user is a member of the Administrators group.

Type 3 is a limited token with administrative privileges removed and administrative groups disabled.  The limited token is used when User Account Control is enabled, the application does not require administrative privilege, and the user does not choose to start the program using Run as administrator.
04/01/2021 06:44:32 PM
LogName=Security
EventCode=4688
EventType=0
ComputerName=win2k12sdc.kkctf.local
SourceName=Microsoft Windows security auditing.
Type=Information
RecordNumber=78709144
Keywords=Audit Success
TaskCategory=Process Creation
OpCode=Info
Message=A new process has been created.

Creator Subject:
	Security ID:		S-1-5-18
	Account Name:		WIN2K12SDC$
	Account Domain:		KKCTF
	Logon ID:		0x3E7

Target Subject:
	Security ID:		S-1-0-0
	Account Name:		-
	Account Domain:		-
	Logon ID:		0x0

Process Information:
	New Process ID:		0x1220
	New Process Name:	C:\Windows\Temp\rad086A0.tmp\ZfCfCcCJwUFfKNm.exe
	Token Elevation Type:	TokenElevationTypeDefault (1)
	Creator Process ID:	0x1308
	Process Command Line:	

Token Elevation Type indicates the type of token that was assigned to the new process in accordance with User Account Control policy.

Type 1 is a full token with no privileges removed or groups disabled.  A full token is only used if User Account Control is disabled or if the user is the built-in Administrator account or a service account.

Type 2 is an elevated token with no privileges removed or groups disabled.  An elevated token is used when User Account Control is enabled and the user chooses to start the program using Run as administrator.  An elevated token is also used when an application is configured to always require administrative privilege or to always require maximum privilege, and the user is a member of the Administrators group.

Type 3 is a limited token with administrative privileges removed and administrative groups disabled.  The limited token is used when User Account Control is enabled, the application does not require administrative privilege, and the user does not choose to start the program using Run as administrator.
